,{"stream_name":"stderr","time":29364.757800293,"data":"[I 2026-08-17 23:32:54,346] Trial 23 finished with value: 3.3028414173248097 and parameters: {'embedding_dim': 512, 'hidden_dim': 512, 'num_layers': 2, 'dropout': 0.3003067064233492, 'learning_rate': 0.0006407610143618005, 'batch_size': 32}. Best is trial 21 with value: 3.197702672915718.\n"}
,{"stream_name":"stderr","time":31012.016377013,"data":"[I 2026-08-18 00:00:21,811] Trial 24 pruned. \n"}
,{"stream_name":"stderr","time":31012.224974088,"data":"[I 2026-08-18 00:00:21,811] Trial 24 pruned. \n"}
,{"stream_name":"stderr","time":31012.225017614,"data":"\n"}
,{"stream_name":"stderr","time":31012.225023008,"data":"[I 2026-08-18 00:00:21,811] Trial 24 pruned. \n"}
,{"stream_name":"stderr","time":31696.594825172,"data":"[I 2026-08-18 00:11:46,389] Trial 25 pruned. \n"}
,{"stream_name":"stderr","time":31696.80224534,"data":"[I 2026-08-18 00:11:46,389] Trial 25 pruned. \n"}
,{"stream_name":"stderr","time":31696.802282928,"data":"\n"}
,{"stream_name":"stderr","time":31696.802300543,"data":"[I 2026-08-18 00:11:46,389] Trial 25 pruned. \n"}
,{"stream_name":"stderr","time":33184.302758643,"data":"[I 2026-08-18 00:36:34,097] Trial 26 pruned. \n"}
,{"stream_name":"stderr","time":33184.507572879,"data":"[I 2026-08-18 00:36:34,097] Trial 26 pruned. \n"}
,{"stream_name":"stderr","time":33184.507617419,"data":"\n"}
,{"stream_name":"stderr","time":33184.507623459,"data":"[I 2026-08-18 00:36:34,097] Trial 26 pruned. \n"}
,{"stream_name":"stderr","time":34836.906015852,"data":"[I 2026-08-18 01:04:06,701] Trial 27 pruned. \n"}
,{"stream_name":"stderr","time":34837.11202343,"data":"[I 2026-08-18 01:04:06,701] Trial 27 pruned. \n"}
,{"stream_name":"stderr","time":34837.11208552,"data":"\n"}
,{"stream_name":"stderr","time":34837.112093322,"data":"[I 2026-08-18 01:04:06,701] Trial 27 pruned. \n"}
,{"stream_name":"stderr","time":36621.403344446,"data":"[I 2026-08-18 01:33:51,198] Trial 28 pruned. \n"}
,{"stream_name":"stderr","time":36621.608107259,"data":"[I 2026-08-18 01:33:51,198] Trial 28 pruned. \n"}
,{"stream_name":"stderr","time":36621.608145111,"data":"\n"}
,{"stream_name":"stderr","time":36621.608151444,"data":"[I 2026-08-18 01:33:51,198] Trial 28 pruned. \n"}
,{"stream_name":"stderr","time":41083.822273374,"data":"[I 2026-08-18 02:48:13,617] Trial 29 pruned. \n"}
,{"stream_name":"stderr","time":41084.031763839,"data":"[I 2026-08-18 02:48:13,617] Trial 29 pruned. \n"}
,{"stream_name":"stderr","time":41084.031807599,"data":"\n"}
,{"stream_name":"stderr","time":41084.031816112,"data":"[I 2026-08-18 02:48:13,617] Trial 29 pruned. \n"}
,{"stream_name":"stdout","time":41084.28944059,"data":"[diagram] skipped (No module named 'torchview'); pip install torchview + graphviz to enable\n"}
,{"stream_name":"stdout","time":41084.289474801,"data":"Best gru: val_loss=3.1977 {'embedding_dim': 512, 'hidden_dim': 512, 'num_layers': 2, 'dropout': 0.2486475607053254, 'learning_rate': 0.000557682742461972, 'batch_size': 32}\n"}
,{"stream_name":"stdout","time":41084.289481944,"data":"Saved to /kaggle/working/Edge-NMT/results/hparam_search/best_gru.json\n"}
,{"stream_name":"stdout","time":41084.492269798,"data":"[diagram] skipped (No module named 'torchview'); pip install torchview + graphviz to enable\n"}
,{"stream_name":"stdout","time":41084.492339336,"data":"Best gru: val_loss=3.1977 {'embedding_dim': 512, 'hidden_dim': 512, 'num_layers': 2, 'dropout': 0.2486475607053254, 'learning_rate': 0.000557682742461972, 'batch_size': 32}\n"}
,{"stream_name":"stdout","time":41084.492348824,"data":"Saved to /kaggle/working/Edge-NMT/results/hparam_search/best_gru.json\n"}
,{"stream_name":"stdout","time":41087.071333016,"data":"BEST GRU val_loss=3.1977\n"}
,{"stream_name":"stdout","time":41087.071369028,"data":"hparams: {'embedding_dim': 512, 'hidden_dim': 512, 'num_layers': 2, 'dropout': 0.2486475607053254, 'learning_rate': 0.000557682742461972, 'batch_size': 32}\n"}
,{"stream_name":"stdout","time":41087.071377519,"data":"total_params: 45664512\n"}
,{"stream_name":"stdout","time":41087.071383165,"data":"breakdown: {'embedding': 16384000, 'dropout': 0, 'encoder': 7876608, 'decoder': 3151872, 'bridge_hidden': 524800, 'attention': 524288, 'combine': 786944, 'output_projection': 16416000, 'total': 45664512}\n"}
,{"stream_name":"stderr","time":41090.245429735,"data":"/usr/local/lib/python3.12/dist-packages/mistune.py:435: SyntaxWarning: invalid escape sequence '\\|'\n"}
,{"stream_name":"stderr","time":41090.245475401,"data":"  cells[i][c] = re.sub('\\\\\\\\\\|', '|', cell)\n"}
,{"stream_name":"stderr","time":41090.418058285,"data":"/usr/local/lib/python3.12/dist-packages/nbconvert/filters/filter_links.py:36: SyntaxWarning: invalid escape sequence '\\_'\n"}
,{"stream_name":"stderr","time":41090.418110909,"data":"  text = re.sub(r'_', '\\_', text) # Escape underscores in display text\n"}
,{"stream_name":"stderr","time":41091.103895156,"data":"[NbConvertApp] Converting notebook __notebook__.ipynb to notebook\n"}
,{"stream_name":"stderr","time":41091.460441654,"data":"[NbConvertApp] Writing 12878 bytes to __notebook__.ipynb\n"}
,{"stream_name":"stderr","time":41094.002845941,"data":"[NbConvertApp] Converting notebook __notebook__.ipynb to html\n"}
,{"stream_name":"stderr","time":41094.810904733,"data":"[NbConvertApp] Writing 291830 bytes to __results__.html\n"}
]