[{"stream_name":"stderr","time":5.983928929,"data":"0.00s - Debugger warning: It seems that frozen modules are being used, which may\n"}
,{"stream_name":"stderr","time":5.983995864,"data":"0.00s - make the debugger miss breakpoints. Please pass -Xfrozen_modules=off\n"}
,{"stream_name":"stderr","time":5.984002415,"data":"0.00s - to python to disable frozen modules.\n"}
,{"stream_name":"stderr","time":5.984006483,"data":"0.00s - Note: Debugging will proceed. Set PYDEVD_DISABLE_FILE_VALIDATION=1 to disable this validation.\n"}
,{"stream_name":"stderr","time":6.527675201,"data":"0.00s - Debugger warning: It seems that frozen modules are being used, which may\n"}
,{"stream_name":"stderr","time":6.527729504,"data":"0.00s - make the debugger miss breakpoints. Please pass -Xfrozen_modules=off\n"}
,{"stream_name":"stderr","time":6.527735392,"data":"0.00s - to python to disable frozen modules.\n"}
,{"stream_name":"stderr","time":6.527739468,"data":"0.00s - Note: Debugging will proceed. Set PYDEVD_DISABLE_FILE_VALIDATION=1 to disable this validation.\n"}
,{"stream_name":"stderr","time":11.134435553,"data":"Cloning into 'Edge-NMT'...\n"}
,{"stream_name":"stderr","time":11.337171078,"data":"Cloning into 'Edge-NMT'...\n"}
,{"stream_name":"stderr","time":11.337208034,"data":"\n"}
,{"stream_name":"stderr","time":11.337214493,"data":"Cloning into 'Edge-NMT'...\n"}
,{"stream_name":"stdout","time":12.317437987,"data":"Current Working Directory: /kaggle/working/Edge-NMT\n"}
,{"stream_name":"stdout","time":15.73470019,"data":"   ━━━━━━━━━━━━━━━━━━━━━━━━━━━━━━━━━━━━━━━━ 527.3/527.3 kB 3.6 MB/s eta 0:00:00\n"}
,{"stream_name":"stdout","time":15.807265654,"data":"   ━━━━━━━━━━━━━━━━━━━━━━━━━━━━━━━━━━━━━━━━ 100.8/100.8 kB 6.6 MB/s eta 0:00:00\n"}
,{"stream_name":"stdout","time":15.936842718,"data":"   ━━━━━━━━━━━━━━━━━━━━━━━━━━━━━━━━━━━━━━━━ 527.3/527.3 kB 3.6 MB/s eta 0:00:00\n"}
,{"stream_name":"stdout","time":15.93688326,"data":"   ━━━━━━━━━━━━━━━━━━━━━━━━━━━━━━━━━━━━━━━━ 100.8/100.8 kB 6.6 MB/s eta 0:00:00\n"}
,{"stream_name":"stdout","time":16.048530929000002,"data":"   ━━━━━━━━━━━━━━━━━━━━━━━━━━━━━━━━━━━━━━━ 116.3/116.3 kB 577.9 kB/s eta 0:00:00\n"}
,{"stream_name":"stdout","time":16.12384001,"data":"   ━━━━━━━━━━━━━━━━━━━━━━━━━━━━━━━━━━━━━━━━ 177.6/177.6 kB 10.5 MB/s eta 0:00:00\n"}
,{"stream_name":"stdout","time":16.19553417,"data":"   ━━━━━━━━━━━━━━━━━━━━━━━━━━━━━━━━━━━━━━━━ 129.6/129.6 kB 8.1 MB/s eta 0:00:00\n"}
,{"stream_name":"stdout","time":16.250406669,"data":"   ━━━━━━━━━━━━━━━━━━━━━━━━━━━━━━━━━━━━━━━ 116.3/116.3 kB 577.9 kB/s eta 0:00:00\n"}
,{"stream_name":"stdout","time":16.250438898,"data":"   ━━━━━━━━━━━━━━━━━━━━━━━━━━━━━━━━━━━━━━━━ 177.6/177.6 kB 10.5 MB/s eta 0:00:00\n"}
,{"stream_name":"stdout","time":16.250446344,"data":"   ━━━━━━━━━━━━━━━━━━━━━━━━━━━━━━━━━━━━━━━━ 129.6/129.6 kB 8.1 MB/s eta 0:00:00\n"}
,{"stream_name":"stderr","time":19.423253493,"data":"ERROR: pip's dependency resolver does not currently take into account all the packages that are installed. This behaviour is the source of the following dependency conflicts.\n"}
,{"stream_name":"stderr","time":19.423301709,"data":"bigframes 2.39.0 requires google-cloud-bigquery-storage\u003c3.0.0,\u003e=2.30.0, which is not installed.\n"}
,{"stream_name":"stderr","time":19.423307715,"data":"tpot 1.1.0 requires dill\u003e=0.3.9, but you have dill 0.3.8 which is incompatible.\n"}
,{"stream_name":"stderr","time":19.42331137,"data":"gcsfs 2025.3.0 requires fsspec==2025.3.0, but you have fsspec 2024.6.1 which is incompatible.\n"}
,{"stream_name":"stderr","time":19.779621006,"data":"ERROR: pip's dependency resolver does not currently take into account all the packages that are installed. This behaviour is the source of the following dependency conflicts.\n"}
,{"stream_name":"stderr","time":19.779681366,"data":"bigframes 2.39.0 requires google-cloud-bigquery-storage\u003c3.0.0,\u003e=2.30.0, which is not installed.\n"}
,{"stream_name":"stderr","time":19.779688998,"data":"tpot 1.1.0 requires dill\u003e=0.3.9, but you have dill 0.3.8 which is incompatible.\n"}
,{"stream_name":"stderr","time":19.779693628,"data":"gcsfs 2025.3.0 requires fsspec==2025.3.0, but you have fsspec 2024.6.1 which is incompatible.\n"}
,{"stream_name":"stderr","time":19.779697433,"data":"\n"}
,{"stream_name":"stderr","time":19.779700968,"data":"ERROR: pip's dependency resolver does not currently take into account all the packages that are installed. This behaviour is the source of the following dependency conflicts.\n"}
,{"stream_name":"stderr","time":19.779705533,"data":"bigframes 2.39.0 requires google-cloud-bigquery-storage\u003c3.0.0,\u003e=2.30.0, which is not installed.\n"}
,{"stream_name":"stderr","time":19.779709309,"data":"tpot 1.1.0 requires dill\u003e=0.3.9, but you have dill 0.3.8 which is incompatible.\n"}
,{"stream_name":"stderr","time":19.779712515,"data":"gcsfs 2025.3.0 requires fsspec==2025.3.0, but you have fsspec 2024.6.1 which is incompatible.\n"}
,{"stream_name":"stdout","time":19.816543523,"data":"GPU: Tesla T4 sm_75\n"}
,{"stream_name":"stdout","time":19.827796289,"data":"RUN model.training.hyperparameter_search --arch lstm --config configs/config.yaml --dataset-dir /kaggle/input/datasets/owlimm/skripsi-edgenmten-id --tokenizer-model /kaggle/input/models/owlimm/skripsi-edgenmt-tokenizer/pytorch/default/3/spm_en_id.model --n-trials 30\n"}
,{"stream_name":"stderr","time":23.862442847,"data":"[I 2026-09-09 01:37:17,020] A new study created in RDB with name: lstm\n"}
,{"stream_name":"stderr","time":24.064766234,"data":"[I 2026-09-09 01:37:17,020] A new study created in RDB with name: lstm\n"}
,{"stream_name":"stderr","time":24.064798826,"data":"\n"}
,{"stream_name":"stderr","time":24.064814751,"data":"[I 2026-09-09 01:37:17,020] A new study created in RDB with name: lstm\n"}
,{"stream_name":"stdout","time":30.057730854,"data":"Using supplied dataset directory: /kaggle/input/datasets/owlimm/skripsi-edgenmten-id\n"}
,{"stream_name":"stdout","time":30.057776058,"data":"Using supplied tokenizer model: /kaggle/input/models/owlimm/skripsi-edgenmt-tokenizer/pytorch/default/3/spm_en_id.model\n"}
,{"stream_name":"stdout","time":30.057804165,"data":"Optuna search for lstm on cuda: 0/30 trials done, running 30 more\n"}
,{"stream_name":"stdout","time":30.260064161,"data":"Using supplied dataset directory: /kaggle/input/datasets/owlimm/skripsi-edgenmten-id\n"}
,{"stream_name":"stdout","time":30.260099364,"data":"Using supplied tokenizer model: /kaggle/input/models/owlimm/skripsi-edgenmt-tokenizer/pytorch/default/3/spm_en_id.model\n"}
,{"stream_name":"stdout","time":30.260109748,"data":"Optuna search for lstm on cuda: 0/30 trials done, running 30 more\n"}
,{"stream_name":"stderr","time":719.729437815,"data":"[I 2026-09-09 01:48:52,887] Trial 0 finished with value: 2.9269641283601997 and parameters: {'embedding_dim': 256, 'hidden_dim': 256, 'num_layers': 1, 'dropout': 0.11742508365045984, 'learning_rate': 0.0005, 'batch_size': 32}. Best is trial 0 with value: 2.9269641283601997.\n"}
,{"stream_name":"stderr","time":719.933429825,"data":"[I 2026-09-09 01:48:52,887] Trial 0 finished with value: 2.9269641283601997 and parameters: {'embedding_dim': 256, 'hidden_dim': 256, 'num_layers': 1, 'dropout': 0.11742508365045984, 'learning_rate': 0.0005, 'batch_size': 32}. Best is trial 0 with value: 2.9269641283601997.\n"}
,{"stream_name":"stderr","time":719.933457005,"data":"\n"}
,{"stream_name":"stderr","time":719.933461883,"data":"[I 2026-09-09 01:48:52,887] Trial 0 finished with value: 2.9269641283601997 and parameters: {'embedding_dim': 256, 'hidden_dim': 256, 'num_layers': 1, 'dropout': 0.11742508365045984, 'learning_rate': 0.0005, 'batch_size': 32}. Best is trial 0 with value: 2.9269641283601997.\n"}
,{"stream_name":"stderr","time":951.50902446,"data":"[I 2026-09-09 01:52:44,667] Trial 1 pruned. \n"}
,{"stream_name":"stderr","time":951.713191817,"data":"[I 2026-09-09 01:52:44,667] Trial 1 pruned. \n"}
,{"stream_name":"stderr","time":951.713217048,"data":"\n"}
,{"stream_name":"stderr","time":951.713222381,"data":"[I 2026-09-09 01:52:44,667] Trial 1 pruned. \n"}
,{"stream_name":"stderr","time":1708.685946114,"data":"[I 2026-09-09 02:05:21,844] Trial 2 pruned. \n"}
,{"stream_name":"stderr","time":1708.889923352,"data":"[I 2026-09-09 02:05:21,844] Trial 2 pruned. \n"}
,{"stream_name":"stderr","time":1708.88995502,"data":"\n"}
,{"stream_name":"stderr","time":1708.889960629,"data":"[I 2026-09-09 02:05:21,844] Trial 2 pruned. \n"}
,{"stream_name":"stderr","time":2463.619432927,"data":"[I 2026-09-09 02:17:56,777] Trial 3 pruned. \n"}
,{"stream_name":"stderr","time":2463.824366309,"data":"[I 2026-09-09 02:17:56,777] Trial 3 pruned. \n"}
,{"stream_name":"stderr","time":2463.824390705,"data":"\n"}
,{"stream_name":"stderr","time":2463.824396658,"data":"[I 2026-09-09 02:17:56,777] Trial 3 pruned. \n"}
,{"stream_name":"stderr","time":3274.590477771,"data":"[I 2026-09-09 02:31:27,748] Trial 4 finished with value: 3.2830797031426884 and parameters: {'embedding_dim': 256, 'hidden_dim': 256, 'num_layers': 2, 'dropout': 0.19351332282682332, 'learning_rate': 0.0005, 'batch_size': 64}. Best is trial 0 with value: 2.9269641283601997.\n"}
,{"stream_name":"stderr","time":3274.794744144,"data":"[I 2026-09-09 02:31:27,748] Trial 4 finished with value: 3.2830797031426884 and parameters: {'embedding_dim': 256, 'hidden_dim': 256, 'num_layers': 2, 'dropout': 0.19351332282682332, 'learning_rate': 0.0005, 'batch_size': 64}. Best is trial 0 with value: 2.9269641283601997.\n"}
,{"stream_name":"stderr","time":3274.794777917,"data":"\n"}
,{"stream_name":"stderr","time":3274.794783966,"data":"[I 2026-09-09 02:31:27,748] Trial 4 finished with value: 3.2830797031426884 and parameters: {'embedding_dim': 256, 'hidden_dim': 256, 'num_layers': 2, 'dropout': 0.19351332282682332, 'learning_rate': 0.0005, 'batch_size': 64}. Best is trial 0 with value: 2.9269641283601997.\n"}
,{"stream_name":"stderr","time":3576.326010311,"data":"[I 2026-09-09 02:36:29,484] Trial 5 pruned. \n"}
,{"stream_name":"stderr","time":3576.530360661,"data":"[I 2026-09-09 02:36:29,484] Trial 5 pruned. \n"}
,{"stream_name":"stderr","time":3576.530395699,"data":"\n"}
,{"stream_name":"stderr","time":3576.530401518,"data":"[I 2026-09-09 02:36:29,484] Trial 5 pruned. \n"}
,{"stream_name":"stderr","time":4429.151296871,"data":"[I 2026-09-09 02:50:42,309] Trial 6 pruned. \n"}
,{"stream_name":"stderr","time":4429.355809567,"data":"[I 2026-09-09 02:50:42,309] Trial 6 pruned. \n"}
,{"stream_name":"stderr","time":4429.355843918,"data":"\n"}
,{"stream_name":"stderr","time":4429.355858147,"data":"[I 2026-09-09 02:50:42,309] Trial 6 pruned. \n"}
,{"stream_name":"stderr","time":5345.221865923,"data":"[I 2026-09-09 03:05:58,380] Trial 7 pruned. \n"}
,{"stream_name":"stderr","time":5345.427787743,"data":"[I 2026-09-09 03:05:58,380] Trial 7 pruned. \n"}
,{"stream_name":"stderr","time":5345.427818281,"data":"\n"}
,{"stream_name":"stderr","time":5345.42782341,"data":"[I 2026-09-09 03:05:58,380] Trial 7 pruned. \n"}
,{"stream_name":"stderr","time":6557.732235319,"data":"[I 2026-09-09 03:26:10,890] Trial 8 finished with value: 3.1377334351752215 and parameters: {'embedding_dim': 128, 'hidden_dim': 512, 'num_layers': 1, 'dropout': 0.3188818535014193, 'learning_rate': 0.0005, 'batch_size': 64}. Best is trial 0 with value: 2.9269641283601997.\n"}
,{"stream_name":"stderr","time":6557.939693113,"data":"[I 2026-09-09 03:26:10,890] Trial 8 finished with value: 3.1377334351752215 and parameters: {'embedding_dim': 128, 'hidden_dim': 512, 'num_layers': 1, 'dropout': 0.3188818535014193, 'learning_rate': 0.0005, 'batch_size': 64}. Best is trial 0 with value: 2.9269641283601997.\n"}
,{"stream_name":"stderr","time":6557.939724668,"data":"\n"}
,{"stream_name":"stderr","time":6557.939731655,"data":"[I 2026-09-09 03:26:10,890] Trial 8 finished with value: 3.1377334351752215 and parameters: {'embedding_dim': 128, 'hidden_dim': 512, 'num_layers': 1, 'dropout': 0.3188818535014193, 'learning_rate': 0.0005, 'batch_size': 64}. Best is trial 0 with value: 2.9269641283601997.\n"}
,{"stream_name":"stderr","time":8602.143980085,"data":"[I 2026-09-09 04:00:15,302] Trial 9 finished with value: 2.7901784573881008 and parameters: {'embedding_dim': 512, 'hidden_dim': 512, 'num_layers': 2, 'dropout': 0.25681984881459824, 'learning_rate': 0.0005, 'batch_size': 32}. Best is trial 9 with value: 2.7901784573881008.\n"}
,{"stream_name":"stderr","time":8602.348785195,"data":"[I 2026-09-09 04:00:15,302] Trial 9 finished with value: 2.7901784573881008 and parameters: {'embedding_dim': 512, 'hidden_dim': 512, 'num_layers': 2, 'dropout': 0.25681984881459824, 'learning_rate': 0.0005, 'batch_size': 32}. Best is trial 9 with value: 2.7901784573881008.\n"}
,{"stream_name":"stderr","time":8602.348816717,"data":"\n"}
,{"stream_name":"stderr","time":8602.348822318,"data":"[I 2026-09-09 04:00:15,302] Trial 9 finished with value: 2.7901784573881008 and parameters: {'embedding_dim': 512, 'hidden_dim': 512, 'num_layers': 2, 'dropout': 0.25681984881459824, 'learning_rate': 0.0005, 'batch_size': 32}. Best is trial 9 with value: 2.7901784573881008.\n"}
,{"stream_name":"stderr","time":10643.733203324,"data":"[I 2026-09-09 04:34:16,891] Trial 10 finished with value: 2.789541418940876 and parameters: {'embedding_dim': 512, 'hidden_dim': 512, 'num_layers': 2, 'dropout': 0.2659028016035462, 'learning_rate': 0.0005, 'batch_size': 32}. Best is trial 10 with value: 2.789541418940876.\n"}
,{"stream_name":"stderr","time":10643.939342116,"data":"[I 2026-09-09 04:34:16,891] Trial 10 finished with value: 2.789541418940876 and parameters: {'embedding_dim': 512, 'hidden_dim': 512, 'num_layers': 2, 'dropout': 0.2659028016035462, 'learning_rate': 0.0005, 'batch_size': 32}. Best is trial 10 with value: 2.789541418940876.\n"}
,{"stream_name":"stderr","time":10643.939373719,"data":"\n"}
,{"stream_name":"stderr","time":10643.939379017,"data":"[I 2026-09-09 04:34:16,891] Trial 10 finished with value: 2.789541418940876 and parameters: {'embedding_dim': 512, 'hidden_dim': 512, 'num_layers': 2, 'dropout': 0.2659028016035462, 'learning_rate': 0.0005, 'batch_size': 32}. Best is trial 10 with value: 2.789541418940876.\n"}
,{"stream_name":"stderr","time":12688.407820028,"data":"[I 2026-09-09 05:08:21,566] Trial 11 finished with value: 2.7989630828650234 and parameters: {'embedding_dim': 512, 'hidden_dim': 512, 'num_layers': 2, 'dropout': 0.26426747232112124, 'learning_rate': 0.0005, 'batch_size': 32}. Best is trial 10 with value: 2.789541418940876.\n"}
,{"stream_name":"stderr","time":12688.612534745,"data":"[I 2026-09-09 05:08:21,566] Trial 11 finished with value: 2.7989630828650234 and parameters: {'embedding_dim': 512, 'hidden_dim': 512, 'num_layers': 2, 'dropout': 0.26426747232112124, 'learning_rate': 0.0005, 'batch_size': 32}. Best is trial 10 with value: 2.789541418940876.\n"}
,{"stream_name":"stderr","time":12688.612565282,"data":"\n"}
,{"stream_name":"stderr","time":12688.612570696,"data":"[I 2026-09-09 05:08:21,566] Trial 11 finished with value: 2.7989630828650234 and parameters: {'embedding_dim': 512, 'hidden_dim': 512, 'num_layers': 2, 'dropout': 0.26426747232112124, 'learning_rate': 0.0005, 'batch_size': 32}. Best is trial 10 with value: 2.789541418940876.\n"}
,{"stream_name":"stderr","time":14729.828604715,"data":"[I 2026-09-09 05:42:22,986] Trial 12 finished with value: 2.796899519789333 and parameters: {'embedding_dim': 512, 'hidden_dim': 512, 'num_layers': 2, 'dropout': 0.2634238305626282, 'learning_rate': 0.0005, 'batch_size': 32}. Best is trial 10 with value: 2.789541418940876.\n"}
,{"stream_name":"stderr","time":14730.034783449,"data":"[I 2026-09-09 05:42:22,986] Trial 12 finished with value: 2.796899519789333 and parameters: {'embedding_dim': 512, 'hidden_dim': 512, 'num_layers': 2, 'dropout': 0.2634238305626282, 'learning_rate': 0.0005, 'batch_size': 32}. Best is trial 10 with value: 2.789541418940876.\n"}
,{"stream_name":"stderr","time":14730.034816287,"data":"\n"}
,{"stream_name":"stderr","time":14730.034821749,"data":"[I 2026-09-09 05:42:22,986] Trial 12 finished with value: 2.796899519789333 and parameters: {'embedding_dim': 512, 'hidden_dim': 512, 'num_layers': 2, 'dropout': 0.2634238305626282, 'learning_rate': 0.0005, 'batch_size': 32}. Best is trial 10 with value: 2.789541418940876.\n"}
,{"stream_name":"stderr","time":16774.145058765,"data":"[I 2026-09-09 06:16:27,303] Trial 13 finished with value: 2.795101244990437 and parameters: {'embedding_dim': 512, 'hidden_dim': 512, 'num_layers': 2, 'dropout': 0.2708619749985246, 'learning_rate': 0.0005, 'batch_size': 32}. Best is trial 10 with value: 2.789541418940876.\n"}
,{"stream_name":"stderr","time":16774.350691102,"data":"[I 2026-09-09 06:16:27,303] Trial 13 finished with value: 2.795101244990437 and parameters: {'embedding_dim': 512, 'hidden_dim': 512, 'num_layers': 2, 'dropout': 0.2708619749985246, 'learning_rate': 0.0005, 'batch_size': 32}. Best is trial 10 with value: 2.789541418940876.\n"}
,{"stream_name":"stderr","time":16774.350722159,"data":"\n"}
,{"stream_name":"stderr","time":16774.35072775,"data":"[I 2026-09-09 06:16:27,303] Trial 13 finished with value: 2.795101244990437 and parameters: {'embedding_dim': 512, 'hidden_dim': 512, 'num_layers': 2, 'dropout': 0.2708619749985246, 'learning_rate': 0.0005, 'batch_size': 32}. Best is trial 10 with value: 2.789541418940876.\n"}
,{"stream_name":"stderr","time":17454.916342531,"data":"[I 2026-09-09 06:27:48,074] Trial 14 pruned. \n"}
,{"stream_name":"stderr","time":17455.121472422,"data":"[I 2026-09-09 06:27:48,074] Trial 14 pruned. \n"}
,{"stream_name":"stderr","time":17455.121501105,"data":"\n"}
,{"stream_name":"stderr","time":17455.121506503,"data":"[I 2026-09-09 06:27:48,074] Trial 14 pruned. \n"}
,{"stream_name":"stderr","time":18139.471789521,"data":"[I 2026-09-09 06:39:12,629] Trial 15 pruned. \n"}
,{"stream_name":"stderr","time":18139.676735922,"data":"[I 2026-09-09 06:39:12,629] Trial 15 pruned. \n"}
,{"stream_name":"stderr","time":18139.676767971,"data":"\n"}
,{"stream_name":"stderr","time":18139.676773351,"data":"[I 2026-09-09 06:39:12,629] Trial 15 pruned. \n"}
,{"stream_name":"stderr","time":18635.048502883,"data":"[I 2026-09-09 06:47:28,206] Trial 16 pruned. \n"}
,{"stream_name":"stderr","time":18635.254880368,"data":"[I 2026-09-09 06:47:28,206] Trial 16 pruned. \n"}
,{"stream_name":"stderr","time":18635.254938504,"data":"\n"}
,{"stream_name":"stderr","time":18635.254944383,"data":"[I 2026-09-09 06:47:28,206] Trial 16 pruned. \n"}
,{"stream_name":"stderr","time":19267.652188635,"data":"[I 2026-09-09 06:58:00,810] Trial 17 pruned. \n"}
,{"stream_name":"stderr","time":19267.85710738,"data":"[I 2026-09-09 06:58:00,810] Trial 17 pruned. \n"}
,{"stream_name":"stderr","time":19267.857138562,"data":"\n"}
,{"stream_name":"stderr","time":19267.857144612,"data":"[I 2026-09-09 06:58:00,810] Trial 17 pruned. \n"}
,{"stream_name":"stderr","time":21886.538214506,"data":"[I 2026-09-09 07:41:39,696] Trial 18 finished with value: 2.7073238931905728 and parameters: {'embedding_dim': 512, 'hidden_dim': 512, 'num_layers': 3, 'dropout': 0.2218122690765229, 'learning_rate': 0.0005, 'batch_size': 32}. Best is trial 18 with value: 2.7073238931905728.\n"}
,{"stream_name":"stderr","time":21886.7465325,"data":"[I 2026-09-09 07:41:39,696] Trial 18 finished with value: 2.7073238931905728 and parameters: {'embedding_dim': 512, 'hidden_dim': 512, 'num_layers': 3, 'dropout': 0.2218122690765229, 'learning_rate': 0.0005, 'batch_size': 32}. Best is trial 18 with value: 2.7073238931905728.\n"}
,{"stream_name":"stderr","time":21886.746594857,"data":"\n"}
,{"stream_name":"stderr","time":21886.746601709,"data":"[I 2026-09-09 07:41:39,696] Trial 18 finished with value: 2.7073238931905728 and parameters: {'embedding_dim': 512, 'hidden_dim': 512, 'num_layers': 3, 'dropout': 0.2218122690765229, 'learning_rate': 0.0005, 'batch_size': 32}. Best is trial 18 with value: 2.7073238931905728.\n"}
,{"stream_name":"stderr","time":22758.878118112,"data":"[I 2026-09-09 07:56:12,036] Trial 19 pruned. \n"}
,{"stream_name":"stderr","time":22759.084642018,"data":"[I 2026-09-09 07:56:12,036] Trial 19 pruned. \n"}
,{"stream_name":"stderr","time":22759.084679882,"data":"\n"}
,{"stream_name":"stderr","time":22759.084686431,"data":"[I 2026-09-09 07:56:12,036] Trial 19 pruned. \n"}
,{"stream_name":"stderr","time":23545.450484281,"data":"[I 2026-09-09 08:09:18,608] Trial 20 pruned. \n"}
,{"stream_name":"stderr","time":23545.655471939,"data":"[I 2026-09-09 08:09:18,608] Trial 20 pruned. \n"}
,{"stream_name":"stderr","time":23545.655512029,"data":"\n"}
,{"stream_name":"stderr","time":23545.655518946,"data":"[I 2026-09-09 08:09:18,608] Trial 20 pruned. \n"}
,{"stream_name":"stderr","time":25592.441222209,"data":"[I 2026-09-09 08:43:25,599] Trial 21 finished with value: 2.7635511186557076 and parameters: {'embedding_dim': 512, 'hidden_dim': 512, 'num_layers': 2, 'dropout': 0.23292207307877807, 'learning_rate': 0.0005, 'batch_size': 32}. Best is trial 18 with value: 2.7073238931905728.\n"}
,{"stream_name":"stderr","time":25592.650170102,"data":"[I 2026-09-09 08:43:25,599] Trial 21 finished with value: 2.7635511186557076 and parameters: {'embedding_dim': 512, 'hidden_dim': 512, 'num_layers': 2, 'dropout': 0.23292207307877807, 'learning_rate': 0.0005, 'batch_size': 32}. Best is trial 18 with value: 2.7073238931905728.\n"}
,{"stream_name":"stderr","time":25592.650230658,"data":"\n"}
,{"stream_name":"stderr","time":25592.650237711,"data":"[I 2026-09-09 08:43:25,599] Trial 21 finished with value: 2.7635511186557076 and parameters: {'embedding_dim': 512, 'hidden_dim': 512, 'num_layers': 2, 'dropout': 0.23292207307877807, 'learning_rate': 0.0005, 'batch_size': 32}. Best is trial 18 with value: 2.7073238931905728.\n"}
