,{"stream_name":"stderr","time":28205.381985843,"data":"[I 2026-09-09 09:26:58,540] Trial 22 finished with value: 2.725545659994546 and parameters: {'embedding_dim': 512, 'hidden_dim': 512, 'num_layers': 3, 'dropout': 0.23121570914805376, 'learning_rate': 0.0005, 'batch_size': 32}. Best is trial 18 with value: 2.7073238931905728.\n"}
,{"stream_name":"stderr","time":28205.590524393,"data":"[I 2026-09-09 09:26:58,540] Trial 22 finished with value: 2.725545659994546 and parameters: {'embedding_dim': 512, 'hidden_dim': 512, 'num_layers': 3, 'dropout': 0.23121570914805376, 'learning_rate': 0.0005, 'batch_size': 32}. Best is trial 18 with value: 2.7073238931905728.\n"}
,{"stream_name":"stderr","time":28205.590587924,"data":"\n"}
,{"stream_name":"stderr","time":28205.590594709,"data":"[I 2026-09-09 09:26:58,540] Trial 22 finished with value: 2.725545659994546 and parameters: {'embedding_dim': 512, 'hidden_dim': 512, 'num_layers': 3, 'dropout': 0.23121570914805376, 'learning_rate': 0.0005, 'batch_size': 32}. Best is trial 18 with value: 2.7073238931905728.\n"}
,{"stream_name":"stderr","time":30823.034083304,"data":"[I 2026-09-09 10:10:36,192] Trial 23 finished with value: 2.7276306944533277 and parameters: {'embedding_dim': 512, 'hidden_dim': 512, 'num_layers': 3, 'dropout': 0.21803294585030764, 'learning_rate': 0.0005, 'batch_size': 32}. Best is trial 18 with value: 2.7073238931905728.\n"}
,{"stream_name":"stderr","time":30823.239445294,"data":"[I 2026-09-09 10:10:36,192] Trial 23 finished with value: 2.7276306944533277 and parameters: {'embedding_dim': 512, 'hidden_dim': 512, 'num_layers': 3, 'dropout': 0.21803294585030764, 'learning_rate': 0.0005, 'batch_size': 32}. Best is trial 18 with value: 2.7073238931905728.\n"}
,{"stream_name":"stderr","time":30823.239472989,"data":"\n"}
,{"stream_name":"stderr","time":30823.239478427,"data":"[I 2026-09-09 10:10:36,192] Trial 23 finished with value: 2.7276306944533277 and parameters: {'embedding_dim': 512, 'hidden_dim': 512, 'num_layers': 3, 'dropout': 0.21803294585030764, 'learning_rate': 0.0005, 'batch_size': 32}. Best is trial 18 with value: 2.7073238931905728.\n"}
,{"stream_name":"stderr","time":33444.36958275,"data":"[I 2026-09-09 10:54:17,527] Trial 24 finished with value: 2.69765801703968 and parameters: {'embedding_dim': 512, 'hidden_dim': 512, 'num_layers': 3, 'dropout': 0.21094455657897518, 'learning_rate': 0.0005, 'batch_size': 32}. Best is trial 24 with value: 2.69765801703968.\n"}
,{"stream_name":"stderr","time":33444.574890332,"data":"[I 2026-09-09 10:54:17,527] Trial 24 finished with value: 2.69765801703968 and parameters: {'embedding_dim': 512, 'hidden_dim': 512, 'num_layers': 3, 'dropout': 0.21094455657897518, 'learning_rate': 0.0005, 'batch_size': 32}. Best is trial 24 with value: 2.69765801703968.\n"}
,{"stream_name":"stderr","time":33444.574918539,"data":"\n"}
,{"stream_name":"stderr","time":33444.574925123,"data":"[I 2026-09-09 10:54:17,527] Trial 24 finished with value: 2.69765801703968 and parameters: {'embedding_dim': 512, 'hidden_dim': 512, 'num_layers': 3, 'dropout': 0.21094455657897518, 'learning_rate': 0.0005, 'batch_size': 32}. Best is trial 24 with value: 2.69765801703968.\n"}
,{"stream_name":"stderr","time":36066.845123304,"data":"[I 2026-09-09 11:38:00,003] Trial 25 finished with value: 2.6811491970817882 and parameters: {'embedding_dim': 512, 'hidden_dim': 512, 'num_layers': 3, 'dropout': 0.16731164677764532, 'learning_rate': 0.0005, 'batch_size': 32}. Best is trial 25 with value: 2.6811491970817882.\n"}
,{"stream_name":"stderr","time":36067.053577366,"data":"[I 2026-09-09 11:38:00,003] Trial 25 finished with value: 2.6811491970817882 and parameters: {'embedding_dim': 512, 'hidden_dim': 512, 'num_layers': 3, 'dropout': 0.16731164677764532, 'learning_rate': 0.0005, 'batch_size': 32}. Best is trial 25 with value: 2.6811491970817882.\n"}
,{"stream_name":"stderr","time":36067.053610454,"data":"\n"}
,{"stream_name":"stderr","time":36067.053614897,"data":"[I 2026-09-09 11:38:00,003] Trial 25 finished with value: 2.6811491970817882 and parameters: {'embedding_dim': 512, 'hidden_dim': 512, 'num_layers': 3, 'dropout': 0.16731164677764532, 'learning_rate': 0.0005, 'batch_size': 32}. Best is trial 25 with value: 2.6811491970817882.\n"}
,{"stream_name":"stderr","time":38690.904705705,"data":"[I 2026-09-09 12:21:44,063] Trial 26 finished with value: 2.650323205862563 and parameters: {'embedding_dim': 512, 'hidden_dim': 512, 'num_layers': 3, 'dropout': 0.16549041945635506, 'learning_rate': 0.0005, 'batch_size': 32}. Best is trial 26 with value: 2.650323205862563.\n"}
,{"stream_name":"stderr","time":38691.113029774,"data":"[I 2026-09-09 12:21:44,063] Trial 26 finished with value: 2.650323205862563 and parameters: {'embedding_dim': 512, 'hidden_dim': 512, 'num_layers': 3, 'dropout': 0.16549041945635506, 'learning_rate': 0.0005, 'batch_size': 32}. Best is trial 26 with value: 2.650323205862563.\n"}
,{"stream_name":"stderr","time":38691.113057122,"data":"\n"}
,{"stream_name":"stderr","time":38691.113062637,"data":"[I 2026-09-09 12:21:44,063] Trial 26 finished with value: 2.650323205862563 and parameters: {'embedding_dim': 512, 'hidden_dim': 512, 'num_layers': 3, 'dropout': 0.16549041945635506, 'learning_rate': 0.0005, 'batch_size': 32}. Best is trial 26 with value: 2.650323205862563.\n"}
,{"stream_name":"stderr","time":41316.90650378,"data":"[I 2026-09-09 13:05:30,064] Trial 27 finished with value: 2.675201981974105 and parameters: {'embedding_dim': 512, 'hidden_dim': 512, 'num_layers': 3, 'dropout': 0.16417703908588127, 'learning_rate': 0.0005, 'batch_size': 32}. Best is trial 26 with value: 2.650323205862563.\n"}
,{"stream_name":"stderr","time":41317.112532187,"data":"[I 2026-09-09 13:05:30,064] Trial 27 finished with value: 2.675201981974105 and parameters: {'embedding_dim': 512, 'hidden_dim': 512, 'num_layers': 3, 'dropout': 0.16417703908588127, 'learning_rate': 0.0005, 'batch_size': 32}. Best is trial 26 with value: 2.650323205862563.\n"}
,{"stream_name":"stderr","time":41317.112558451,"data":"\n"}
,{"stream_name":"stderr","time":41317.112563647,"data":"[I 2026-09-09 13:05:30,064] Trial 27 finished with value: 2.675201981974105 and parameters: {'embedding_dim': 512, 'hidden_dim': 512, 'num_layers': 3, 'dropout': 0.16417703908588127, 'learning_rate': 0.0005, 'batch_size': 32}. Best is trial 26 with value: 2.650323205862563.\n"}
,{"stream_name":"stderr","time":42107.353553402,"data":"[I 2026-09-09 13:18:40,511] Trial 28 pruned. \n"}
,{"stream_name":"stderr","time":42107.558835217,"data":"[I 2026-09-09 13:18:40,511] Trial 28 pruned. \n"}
,{"stream_name":"stderr","time":42107.558863208,"data":"\n"}
,{"stream_name":"stderr","time":42107.55888423,"data":"[I 2026-09-09 13:18:40,511] Trial 28 pruned. \n"}
,{"stream_name":"stderr","time":42467.187396555,"data":"[I 2026-09-09 13:24:40,345] Trial 29 pruned. \n"}
,{"stream_name":"stderr","time":42467.394628815,"data":"[I 2026-09-09 13:24:40,345] Trial 29 pruned. \n"}
,{"stream_name":"stderr","time":42467.394660517,"data":"\n"}
,{"stream_name":"stderr","time":42467.39466676,"data":"[I 2026-09-09 13:24:40,345] Trial 29 pruned. \n"}
,{"stream_name":"stdout","time":42467.745248371,"data":"[diagram] skipped (No module named 'torchview'); pip install torchview + graphviz to enable\n"}
,{"stream_name":"stdout","time":42467.745278597,"data":"Best lstm: val_loss=2.6503 {'embedding_dim': 512, 'hidden_dim': 512, 'num_layers': 3, 'dropout': 0.16549041945635506, 'learning_rate': 0.0005, 'batch_size': 32}\n"}
,{"stream_name":"stdout","time":42467.745283159,"data":"Saved to /kaggle/working/Edge-NMT/results/hparam_search/best_lstm.json\n"}
,{"stream_name":"stdout","time":42467.948039253,"data":"[diagram] skipped (No module named 'torchview'); pip install torchview + graphviz to enable\n"}
,{"stream_name":"stdout","time":42467.948068299,"data":"Best lstm: val_loss=2.6503 {'embedding_dim': 512, 'hidden_dim': 512, 'num_layers': 3, 'dropout': 0.16549041945635506, 'learning_rate': 0.0005, 'batch_size': 32}\n"}
,{"stream_name":"stdout","time":42467.948103277,"data":"Saved to /kaggle/working/Edge-NMT/results/hparam_search/best_lstm.json\n"}
,{"stream_name":"stdout","time":42469.917358271,"data":"BEST LSTM val_loss=2.6503\n"}
,{"stream_name":"stdout","time":42469.91739699,"data":"hparams: {'embedding_dim': 512, 'hidden_dim': 512, 'num_layers': 3, 'dropout': 0.16549041945635506, 'learning_rate': 0.0005, 'batch_size': 32}\n"}
,{"stream_name":"stdout","time":42469.917403671,"data":"total_params: 58266368\n"}
,{"stream_name":"stdout","time":42469.917407953,"data":"breakdown: {'embedding': 16384000, 'dropout': 0, 'encoder': 16801792, 'decoder': 6303744, 'bridge_hidden': 524800, 'bridge_cell': 524800, 'attention': 524288, 'combine': 786944, 'output_projection': 16416000, 'total': 58266368}\n"}
,{"stream_name":"stderr","time":42472.716757589,"data":"/usr/local/lib/python3.12/dist-packages/mistune.py:435: SyntaxWarning: invalid escape sequence '\\|'\n"}
,{"stream_name":"stderr","time":42472.716792423,"data":"  cells[i][c] = re.sub('\\\\\\\\\\|', '|', cell)\n"}
,{"stream_name":"stderr","time":42472.858007026,"data":"/usr/local/lib/python3.12/dist-packages/nbconvert/filters/filter_links.py:36: SyntaxWarning: invalid escape sequence '\\_'\n"}
,{"stream_name":"stderr","time":42472.858032124,"data":"  text = re.sub(r'_', '\\_', text) # Escape underscores in display text\n"}
,{"stream_name":"stderr","time":42473.435234785,"data":"[NbConvertApp] Converting notebook __notebook__.ipynb to notebook\n"}
,{"stream_name":"stderr","time":42473.726337152,"data":"[NbConvertApp] Writing 14807 bytes to __notebook__.ipynb\n"}
,{"stream_name":"stderr","time":42475.987243082,"data":"[NbConvertApp] Converting notebook __notebook__.ipynb to html\n"}
,{"stream_name":"stderr","time":42476.700106255,"data":"[NbConvertApp] Writing 293916 bytes to __results__.html\n"}
]